============================= test session starts ==============================
platform linux -- Python 3.13.12, pytest-9.0.3, pluggy-1.6.0
rootdir: /app
configfile: pyproject.toml
plugins: langsmith-0.8.7, cov-7.1.0, anyio-4.13.0, asyncio-1.4.0, timeout-2.4.0
asyncio: mode=Mode.AUTO, debug=False, asyncio_default_fixture_loop_scope=None, asyncio_default_test_loop_scope=function
timeout: 30.0s
timeout method: signal
timeout func_only: False
collected 52 items

tests/test_search/test_client.py ....................................... [ 75%]
.............
ERROR: Coverage failure: total of 22 is less than fail-under=85
                                                                         [100%]

================================ tests coverage ================================
_______________ coverage: platform linux, python 3.13.12-final-0 _______________

Name                                                    Stmts   Miss Branch BrPart  Cover   Missing
---------------------------------------------------------------------------------------------------
src/web_core/__init__.py                                    5      0      0      0   100%
src/web_core/adapters/__init__.py                           3      3      0      0     0%   3-6
src/web_core/adapters/google_drive.py                     115    115     26      0     0%   9-223
src/web_core/adapters/mangadex.py                         142    142     30      0     0%   10-353
src/web_core/browsers/__init__.py                           3      0      0      0   100%
src/web_core/browsers/patchright.py                        40     24      8      0    33%   19-27, 34-36, 40, 44, 48-58, 62-67
src/web_core/browsers/protocol.py                          12      2      4      2    75%   16->exit, 19->exit, 23, 27
src/web_core/http/__init__.py                               3      0      0      0   100%
src/web_core/http/client.py                                82     53     26      0    27%   46-57, 74-85, 105-143, 156-158
src/web_core/http/url.py                                   30      6      8      3    76%   67, 71-72, 78, 85, 103
src/web_core/scraper/__init__.py                            6      0      0      0   100%
src/web_core/scraper/agent.py                             146    122     30      0    14%   49-56, 68-101, 109-125, 138, 142-197, 214-227, 231-243, 247, 254-282, 286-289, 293-294, 302-307, 311-324, 336-360
src/web_core/scraper/base.py                               15      1      0      0    93%   28
src/web_core/scraper/cache.py                              55     35     12      0    30%   21, 46-49, 57-62, 72-77, 84-100, 104-105, 109-113
src/web_core/scraper/robots.py                             52     35     10      0    27%   30-32, 39-41, 60-63, 70-74, 78-95, 99-107
src/web_core/scraper/selector_inference.py                175    143     78      1    13%   53-64, 138-183, 188-189, 194-201, 206-214, 222-242, 247-267, 278-291, 296-315, 324-354, 380-437, 445-449
src/web_core/scraper/state.py                              21      4      0      0    81%   12-15
src/web_core/scraper/strategies/__init__.py                 7      7      0      0     0%   3-10
src/web_core/scraper/strategies/api_direct.py              35     35      8      0     0%   3-72
src/web_core/scraper/strategies/basic_http.py              20     20      4      0     0%   3-54
src/web_core/scraper/strategies/captcha.py                105    105     34      0     0%   3-277
src/web_core/scraper/strategies/headless.py                32     32      4      0     0%   3-75
src/web_core/scraper/strategies/patchright_browser.py      90     90     26      0     0%   3-165
src/web_core/scraper/strategies/tls_spoof.py               38     38     12      0     0%   3-76
src/web_core/scraper/utils.py                              30     21     20      0    18%   48-67, 79-86, 91
src/web_core/search/__init__.py                             4      0      0      0   100%
src/web_core/search/client.py                             114      0     50      0   100%
src/web_core/search/models.py                              15      1      0      0    93%   19
src/web_core/search/runner.py                             277    218     66      0    17%   56-59, 163-165, 223-248, 253-255, 260-274, 279-283, 293-310, 319-341, 359-389, 394-413, 429-437, 447-452, 533-564, 574-578, 850-872, 917-1036, 1041-1052, 1203-1210, 1220-1250, 1323
---------------------------------------------------------------------------------------------------
TOTAL                                                    1672   1252    456      6    22%
FAIL Required test coverage of 85.0% not reached. Total coverage: 22.46%
============================== 52 passed in 1.57s ==============================
